[2016-03-21 10:25:25,311][INFO ][node                     ] [Anything] version[1.7.1], pid[4023], build[b88f43f/2015-07-29T09:54:16Z]
[2016-03-21 10:25:25,311][INFO ][node                     ] [Anything] initializing ...
[2016-03-21 10:25:25,498][INFO ][plugins                  ] [Anything] loaded [marvel, analysis-ik], sites [marvel]
[2016-03-21 10:25:25,643][INFO ][env                      ] [Anything] using [1] data paths, mounts [[/home (/dev/mapper/centos-home)]], net usable_space [597.3gb], net total_space [681.2gb], types [xfs]
[2016-03-21 10:25:28,514][INFO ][node                     ] [Anything] initialized
[2016-03-21 10:25:28,514][INFO ][node                     ] [Anything] starting ...
[2016-03-21 10:25:28,694][INFO ][transport                ] [Anything] bound_address {inet[/0:0:0:0:0:0:0:0:9300]}, publish_address {inet[/192.168.1.222:9300]}
[2016-03-21 10:25:28,710][INFO ][discovery                ] [Anything] elasticsearch/8mThLYUtRyePnyrJh_TBLw
[2016-03-21 10:25:32,503][INFO ][cluster.service          ] [Anything] new_master [Anything][8mThLYUtRyePnyrJh_TBLw][localhost.localdomain][inet[/192.168.1.222:9300]], reason: zen-disco-join (elected_as_master)
[2016-03-21 10:25:32,513][INFO ][http                     ] [Anything] bound_address {inet[/0:0:0:0:0:0:0:0:9200]}, publish_address {inet[/192.168.1.222:9200]}
[2016-03-21 10:25:32,513][INFO ][node                     ] [Anything] started
[2016-03-21 10:25:32,610][INFO ][gateway                  ] [Anything] recovered [0] indices into cluster_state
[2016-03-21 10:25:39,183][INFO ][ik-analyzer              ] [Dict Loading]ik/custom/mydict.dic
[2016-03-21 10:25:39,183][INFO ][ik-analyzer              ] [Dict Loading]ik/custom/single_word_low_freq.dic
[2016-03-21 10:25:39,185][INFO ][ik-analyzer              ] [Dict Loading]ik/custom/ext_stopword.dic
[2016-03-21 10:25:39,333][INFO ][cluster.metadata         ] [Anything] [.marvel-2016.03.21] creating index, cause [auto(bulk api)], templates [marvel], shards [1]/[1], mappings [indices_stats, cluster_stats, node_stats, shard_event, node_event, index_event, index_stats, _default_, cluster_state, cluster_event, routing_event]
[2016-03-21 10:25:40,161][INFO ][cluster.metadata         ] [Anything] [.marvel-2016.03.21] update_mapping [node_stats] (dynamic)
[2016-03-21 10:25:40,207][INFO ][cluster.metadata         ] [Anything] [.marvel-2016.03.21] update_mapping [index_event] (dynamic)
[2016-03-21 10:25:40,213][INFO ][cluster.metadata         ] [Anything] [.marvel-2016.03.21] update_mapping [routing_event] (dynamic)
[2016-03-21 10:25:40,218][INFO ][cluster.metadata         ] [Anything] [.marvel-2016.03.21] update_mapping [cluster_event] (dynamic)
[2016-03-21 10:25:40,222][INFO ][cluster.metadata         ] [Anything] [.marvel-2016.03.21] update_mapping [cluster_state] (dynamic)
[2016-03-21 10:25:40,225][INFO ][cluster.metadata         ] [Anything] [.marvel-2016.03.21] update_mapping [node_event] (dynamic)
[2016-03-21 10:25:40,282][INFO ][cluster.metadata         ] [Anything] [.marvel-2016.03.21] update_mapping [index_stats] (dynamic)
[2016-03-21 10:25:40,294][INFO ][cluster.metadata         ] [Anything] [.marvel-2016.03.21] update_mapping [indices_stats] (dynamic)
[2016-03-21 10:25:40,343][INFO ][cluster.metadata         ] [Anything] [.marvel-2016.03.21] update_mapping [cluster_stats] (dynamic)
[2016-03-21 10:27:09,392][INFO ][node                     ] [Anything] stopping ...
[2016-03-21 10:27:09,791][INFO ][node                     ] [Anything] stopped
[2016-03-21 10:27:09,791][INFO ][node                     ] [Anything] closing ...
[2016-03-21 10:27:09,805][INFO ][node                     ] [Anything] closed
[2016-03-21 10:27:12,192][INFO ][node                     ] [Sebastian Shaw] version[1.7.1], pid[4113], build[b88f43f/2015-07-29T09:54:16Z]
[2016-03-21 10:27:12,193][INFO ][node                     ] [Sebastian Shaw] initializing ...
[2016-03-21 10:27:12,254][INFO ][plugins                  ] [Sebastian Shaw] loaded [marvel, analysis-ik], sites [marvel]
[2016-03-21 10:27:12,278][INFO ][env                      ] [Sebastian Shaw] using [1] data paths, mounts [[/home (/dev/mapper/centos-home)]], net usable_space [597.3gb], net total_space [681.2gb], types [xfs]
[2016-03-21 10:27:14,059][INFO ][node                     ] [Sebastian Shaw] initialized
[2016-03-21 10:27:14,059][INFO ][node                     ] [Sebastian Shaw] starting ...
[2016-03-21 10:27:14,097][INFO ][transport                ] [Sebastian Shaw] bound_address {inet[/0:0:0:0:0:0:0:0:9300]}, publish_address {inet[/192.168.1.222:9300]}
[2016-03-21 10:27:14,107][INFO ][discovery                ] [Sebastian Shaw] elasticsearch/9GQJb-37SnuGbbFIZGdHgA
[2016-03-21 10:27:17,870][INFO ][cluster.service          ] [Sebastian Shaw] new_master [Sebastian Shaw][9GQJb-37SnuGbbFIZGdHgA][localhost.localdomain][inet[/192.168.1.222:9300]], reason: zen-disco-join (elected_as_master)
[2016-03-21 10:27:17,905][INFO ][http                     ] [Sebastian Shaw] bound_address {inet[/0:0:0:0:0:0:0:0:9200]}, publish_address {inet[/192.168.1.222:9200]}
[2016-03-21 10:27:17,905][INFO ][node                     ] [Sebastian Shaw] started
[2016-03-21 10:27:17,967][INFO ][gateway                  ] [Sebastian Shaw] recovered [1] indices into cluster_state
[2016-03-21 10:27:18,262][INFO ][ik-analyzer              ] [Dict Loading]ik/custom/mydict.dic
[2016-03-21 10:27:18,263][INFO ][ik-analyzer              ] [Dict Loading]ik/custom/single_word_low_freq.dic
[2016-03-21 10:27:18,264][INFO ][ik-analyzer              ] [Dict Loading]ik/custom/ext_stopword.dic
[2016-03-21 10:27:24,950][INFO ][cluster.metadata         ] [Sebastian Shaw] [analysis] creating index, cause [api], templates [], shards [5]/[1], mappings []
[2016-03-21 10:27:34,405][INFO ][cluster.metadata         ] [Sebastian Shaw] [.marvel-2016.03.21] update_mapping [index_event] (dynamic)
[2016-03-21 10:30:26,281][INFO ][cluster.metadata         ] [Sebastian Shaw] [user] creating index, cause [auto(index api)], templates [], shards [5]/[1], mappings [user]
[2016-03-21 10:30:26,781][INFO ][cluster.metadata         ] [Sebastian Shaw] [user] update_mapping [user] (dynamic)
[2016-03-21 10:30:58,708][DEBUG][action.admin.indices.analyze] [Sebastian Shaw] failed to execute [org.elasticsearch.action.admin.indices.analyze.AnalyzeRequest@67f9722e]
org.elasticsearch.ElasticsearchIllegalArgumentException: failed to find analyzer [ik_smart]
	at org.elasticsearch.action.admin.indices.analyze.TransportAnalyzeAction.shardOperation(TransportAnalyzeAction.java:151)
	at org.elasticsearch.action.admin.indices.analyze.TransportAnalyzeAction.shardOperation(TransportAnalyzeAction.java:60)
	at org.elasticsearch.action.support.single.custom.TransportSingleCustomOperationAction$AsyncSingleAction$2.run(TransportSingleCustomOperationAction.java:194)
	at java.util.concurrent.ThreadPoolExecutor.runWorker(ThreadPoolExecutor.java:1145)
	at java.util.concurrent.ThreadPoolExecutor$Worker.run(ThreadPoolExecutor.java:615)
	at java.lang.Thread.run(Thread.java:745)
[2016-03-21 10:31:05,647][DEBUG][action.admin.indices.analyze] [Sebastian Shaw] failed to execute [org.elasticsearch.action.admin.indices.analyze.AnalyzeRequest@3473dd8]
org.elasticsearch.ElasticsearchIllegalArgumentException: failed to find analyzer [ik_max_word]
	at org.elasticsearch.action.admin.indices.analyze.TransportAnalyzeAction.shardOperation(TransportAnalyzeAction.java:151)
	at org.elasticsearch.action.admin.indices.analyze.TransportAnalyzeAction.shardOperation(TransportAnalyzeAction.java:60)
	at org.elasticsearch.action.support.single.custom.TransportSingleCustomOperationAction$AsyncSingleAction$2.run(TransportSingleCustomOperationAction.java:194)
	at java.util.concurrent.ThreadPoolExecutor.runWorker(ThreadPoolExecutor.java:1145)
	at java.util.concurrent.ThreadPoolExecutor$Worker.run(ThreadPoolExecutor.java:615)
	at java.lang.Thread.run(Thread.java:745)
[2016-03-21 10:32:01,337][INFO ][action.admin.cluster.node.shutdown] [Sebastian Shaw] [cluster_shutdown]: requested, shutting down in [1s]
[2016-03-21 10:32:02,338][INFO ][action.admin.cluster.node.shutdown] [Sebastian Shaw] [cluster_shutdown]: done shutting down all nodes except master, proceeding to master
[2016-03-21 10:32:02,340][INFO ][action.admin.cluster.node.shutdown] [Sebastian Shaw] shutting down in [200ms]
[2016-03-21 10:32:02,541][INFO ][action.admin.cluster.node.shutdown] [Sebastian Shaw] initiating requested shutdown...
[2016-03-21 10:32:02,541][INFO ][node                     ] [Sebastian Shaw] stopping ...
[2016-03-21 10:32:03,124][INFO ][node                     ] [Sebastian Shaw] stopped
[2016-03-21 10:32:03,126][INFO ][node                     ] [Sebastian Shaw] closing ...
[2016-03-21 10:32:03,129][INFO ][node                     ] [Sebastian Shaw] closed
[2016-03-21 10:34:03,800][INFO ][node                     ] [Nebulon] version[1.7.1], pid[4299], build[b88f43f/2015-07-29T09:54:16Z]
[2016-03-21 10:34:03,801][INFO ][node                     ] [Nebulon] initializing ...
[2016-03-21 10:34:03,865][INFO ][plugins                  ] [Nebulon] loaded [marvel, analysis-ik], sites [marvel]
[2016-03-21 10:34:03,890][INFO ][env                      ] [Nebulon] using [1] data paths, mounts [[/home (/dev/mapper/centos-home)]], net usable_space [597.3gb], net total_space [681.2gb], types [xfs]
[2016-03-21 10:34:05,710][INFO ][node                     ] [Nebulon] initialized
[2016-03-21 10:34:05,710][INFO ][node                     ] [Nebulon] starting ...
[2016-03-21 10:34:05,747][INFO ][transport                ] [Nebulon] bound_address {inet[/0:0:0:0:0:0:0:0:9300]}, publish_address {inet[/192.168.1.222:9300]}
[2016-03-21 10:34:05,756][INFO ][discovery                ] [Nebulon] elasticsearch/mKb8vtI0SEKYtbAa1w41bg
[2016-03-21 10:34:09,518][INFO ][cluster.service          ] [Nebulon] new_master [Nebulon][mKb8vtI0SEKYtbAa1w41bg][localhost.localdomain][inet[/192.168.1.222:9300]], reason: zen-disco-join (elected_as_master)
[2016-03-21 10:34:09,554][INFO ][http                     ] [Nebulon] bound_address {inet[/0:0:0:0:0:0:0:0:9200]}, publish_address {inet[/192.168.1.222:9200]}
[2016-03-21 10:34:09,555][INFO ][node                     ] [Nebulon] started
[2016-03-21 10:34:09,624][INFO ][gateway                  ] [Nebulon] recovered [3] indices into cluster_state
[2016-03-21 10:34:09,920][INFO ][ik-analyzer              ] [Dict Loading]ik/custom/mydict.dic
[2016-03-21 10:34:09,921][INFO ][ik-analyzer              ] [Dict Loading]ik/custom/single_word_low_freq.dic
[2016-03-21 10:34:09,922][INFO ][ik-analyzer              ] [Dict Loading]ik/custom/ext_stopword.dic
[2016-03-21 10:34:36,770][INFO ][node                     ] [Nebulon] stopping ...
[2016-03-21 10:34:37,237][INFO ][node                     ] [Nebulon] stopped
[2016-03-21 10:34:37,237][INFO ][node                     ] [Nebulon] closing ...
[2016-03-21 10:34:37,240][INFO ][node                     ] [Nebulon] closed
[2016-03-21 11:26:11,147][INFO ][node                     ] [Baron Zemo] version[1.7.1], pid[4864], build[b88f43f/2015-07-29T09:54:16Z]
[2016-03-21 11:26:11,148][INFO ][node                     ] [Baron Zemo] initializing ...
[2016-03-21 11:26:11,214][INFO ][plugins                  ] [Baron Zemo] loaded [analysis-mmseg, marvel, analysis-ik], sites [marvel]
[2016-03-21 11:26:11,240][INFO ][env                      ] [Baron Zemo] using [1] data paths, mounts [[/home (/dev/mapper/centos-home)]], net usable_space [597.3gb], net total_space [681.2gb], types [xfs]
[2016-03-21 11:26:13,052][INFO ][node                     ] [Baron Zemo] initialized
[2016-03-21 11:26:13,052][INFO ][node                     ] [Baron Zemo] starting ...
[2016-03-21 11:26:13,089][INFO ][transport                ] [Baron Zemo] bound_address {inet[/0:0:0:0:0:0:0:0:9300]}, publish_address {inet[/192.168.1.222:9300]}
[2016-03-21 11:26:13,098][INFO ][discovery                ] [Baron Zemo] elasticsearch/8qyZDZFJTsGt1txZF5O85Q
[2016-03-21 11:26:16,861][INFO ][cluster.service          ] [Baron Zemo] new_master [Baron Zemo][8qyZDZFJTsGt1txZF5O85Q][localhost.localdomain][inet[/192.168.1.222:9300]], reason: zen-disco-join (elected_as_master)
[2016-03-21 11:26:16,895][INFO ][http                     ] [Baron Zemo] bound_address {inet[/0:0:0:0:0:0:0:0:9200]}, publish_address {inet[/192.168.1.222:9200]}
[2016-03-21 11:26:16,895][INFO ][node                     ] [Baron Zemo] started
[2016-03-21 11:26:16,973][INFO ][gateway                  ] [Baron Zemo] recovered [3] indices into cluster_state
[2016-03-21 11:26:17,292][INFO ][ik-analyzer              ] [Dict Loading]ik/custom/mydict.dic
[2016-03-21 11:26:17,292][INFO ][ik-analyzer              ] [Dict Loading]ik/custom/single_word_low_freq.dic
[2016-03-21 11:26:17,294][INFO ][ik-analyzer              ] [Dict Loading]ik/custom/ext_stopword.dic
[2016-03-21 11:26:17,340][INFO ][mmseg-analyzer           ] chars loaded time=44ms, line=12638, on file=chars.dic
[2016-03-21 11:26:17,341][INFO ][mmseg-analyzer           ] words loaded time=0ms, line=4, on file=words-my.dic
[2016-03-21 11:26:17,484][INFO ][mmseg-analyzer           ] words loaded time=143ms, line=157202, on file=words.dic
[2016-03-21 11:26:17,484][INFO ][mmseg-analyzer           ] load all dic use time=188ms
[2016-03-21 11:26:17,485][INFO ][mmseg-analyzer           ] unit loaded time=0ms, line=22, on file=units.dic
[2016-03-21 11:28:54,156][DEBUG][action.admin.indices.analyze] [Baron Zemo] failed to execute [org.elasticsearch.action.admin.indices.analyze.AnalyzeRequest@50426001]
org.elasticsearch.ElasticsearchIllegalArgumentException: failed to find analyzer [aaa]
	at org.elasticsearch.action.admin.indices.analyze.TransportAnalyzeAction.shardOperation(TransportAnalyzeAction.java:151)
	at org.elasticsearch.action.admin.indices.analyze.TransportAnalyzeAction.shardOperation(TransportAnalyzeAction.java:60)
	at org.elasticsearch.action.support.single.custom.TransportSingleCustomOperationAction$AsyncSingleAction$2.run(TransportSingleCustomOperationAction.java:194)
	at java.util.concurrent.ThreadPoolExecutor.runWorker(ThreadPoolExecutor.java:1145)
	at java.util.concurrent.ThreadPoolExecutor$Worker.run(ThreadPoolExecutor.java:615)
	at java.lang.Thread.run(Thread.java:745)
[2016-03-21 11:31:04,498][INFO ][node                     ] [Baron Zemo] stopping ...
[2016-03-21 11:31:04,804][INFO ][node                     ] [Baron Zemo] stopped
[2016-03-21 11:31:04,806][INFO ][node                     ] [Baron Zemo] closing ...
[2016-03-21 11:31:04,809][INFO ][node                     ] [Baron Zemo] closed
[2016-03-21 11:34:57,523][INFO ][node                     ] [Alex Hayden] version[1.7.1], pid[5048], build[b88f43f/2015-07-29T09:54:16Z]
[2016-03-21 11:34:57,523][INFO ][node                     ] [Alex Hayden] initializing ...
[2016-03-21 11:34:57,589][INFO ][plugins                  ] [Alex Hayden] loaded [analysis-mmseg, marvel, analysis-ik], sites [marvel]
[2016-03-21 11:34:57,615][INFO ][env                      ] [Alex Hayden] using [1] data paths, mounts [[/home (/dev/mapper/centos-home)]], net usable_space [597.3gb], net total_space [681.2gb], types [xfs]
[2016-03-21 11:34:59,426][INFO ][node                     ] [Alex Hayden] initialized
[2016-03-21 11:34:59,426][INFO ][node                     ] [Alex Hayden] starting ...
[2016-03-21 11:34:59,462][INFO ][transport                ] [Alex Hayden] bound_address {inet[/0:0:0:0:0:0:0:0:9300]}, publish_address {inet[/192.168.1.222:9300]}
[2016-03-21 11:34:59,471][INFO ][discovery                ] [Alex Hayden] elasticsearch/yUCODiTUSha01_a5yWrXKQ
[2016-03-21 11:35:03,233][INFO ][cluster.service          ] [Alex Hayden] new_master [Alex Hayden][yUCODiTUSha01_a5yWrXKQ][localhost.localdomain][inet[/192.168.1.222:9300]], reason: zen-disco-join (elected_as_master)
[2016-03-21 11:35:03,267][INFO ][http                     ] [Alex Hayden] bound_address {inet[/0:0:0:0:0:0:0:0:9200]}, publish_address {inet[/192.168.1.222:9200]}
[2016-03-21 11:35:03,267][INFO ][node                     ] [Alex Hayden] started
[2016-03-21 11:35:03,331][INFO ][gateway                  ] [Alex Hayden] recovered [3] indices into cluster_state
[2016-03-21 11:35:03,640][INFO ][ik-analyzer              ] [Dict Loading]ik/custom/mydict.dic
[2016-03-21 11:35:03,640][INFO ][ik-analyzer              ] [Dict Loading]ik/custom/single_word_low_freq.dic
[2016-03-21 11:35:03,642][INFO ][ik-analyzer              ] [Dict Loading]ik/custom/ext_stopword.dic
[2016-03-21 11:35:03,685][INFO ][mmseg-analyzer           ] chars loaded time=41ms, line=12638, on file=chars.dic
[2016-03-21 11:35:03,686][INFO ][mmseg-analyzer           ] words loaded time=0ms, line=4, on file=words-my.dic
[2016-03-21 11:35:03,826][INFO ][mmseg-analyzer           ] words loaded time=140ms, line=157202, on file=words.dic
[2016-03-21 11:35:03,826][INFO ][mmseg-analyzer           ] load all dic use time=182ms
[2016-03-21 11:35:03,827][INFO ][mmseg-analyzer           ] unit loaded time=1ms, line=22, on file=units.dic
[2016-03-21 11:44:10,355][INFO ][action.admin.cluster.node.shutdown] [Alex Hayden] [cluster_shutdown]: requested, shutting down in [1s]
[2016-03-21 11:44:11,356][INFO ][action.admin.cluster.node.shutdown] [Alex Hayden] [cluster_shutdown]: done shutting down all nodes except master, proceeding to master
[2016-03-21 11:44:11,358][INFO ][action.admin.cluster.node.shutdown] [Alex Hayden] shutting down in [200ms]
[2016-03-21 11:44:11,559][INFO ][action.admin.cluster.node.shutdown] [Alex Hayden] initiating requested shutdown...
[2016-03-21 11:44:11,559][INFO ][node                     ] [Alex Hayden] stopping ...
[2016-03-21 11:44:11,971][INFO ][node                     ] [Alex Hayden] stopped
[2016-03-21 11:44:11,971][INFO ][node                     ] [Alex Hayden] closing ...
[2016-03-21 11:44:11,974][INFO ][node                     ] [Alex Hayden] closed
